<?xml version="1.0" encoding="UTF-8"?>
<testng-results ignored="0" total="1" passed="1" failed="0" skipped="0">
  <reporter-output>
  </reporter-output>
  <suite started-at="2023-02-25T16:04:50 CET" name="Default suite" finished-at="2023-02-25T16:05:08 CET" duration-ms="18001">
    <groups>
    </groups>
    <test started-at="2023-02-25T16:04:50 CET" name="Default test" finished-at="2023-02-25T16:05:08 CET" duration-ms="18001">
      <class name="uk.co.automationtesting.OrderCompleteTest">
        <test-method is-config="true" signature="setup()[pri:0, instance:uk.co.automationtesting.OrderCompleteTest@6d3a388c]" started-at="2023-02-25T16:04:50 CET" name="setup" finished-at="2023-02-25T16:04:53 CET" duration-ms="2352" status="PASS">
          <reporter-output>
          </reporter-output>
        </test-method> <!-- setup -->
        <test-method signature="endToEndTest()[pri:0, instance:uk.co.automationtesting.OrderCompleteTest@6d3a388c]" started-at="2023-02-25T16:04:53 CET" name="endToEndTest" finished-at="2023-02-25T16:05:08 CET" duration-ms="15028" status="PASS">
          <reporter-output>
          </reporter-output>
        </test-method> <!-- endToEndTest -->
        <test-method is-config="true" signature="tearDown()[pri:0, instance:uk.co.automationtesting.OrderCompleteTest@6d3a388c]" started-at="2023-02-25T16:05:08 CET" name="tearDown" finished-at="2023-02-25T16:05:08 CET" duration-ms="601" status="PASS">
          <reporter-output>
          </reporter-output>
        </test-method> <!-- tearDown -->
      </class> <!-- uk.co.automationtesting.OrderCompleteTest -->
    </test> <!-- Default test -->
  </suite> <!-- Default suite -->
</testng-results>
